[debug] [2020-04-18T12:01:17.964Z] ----------------------------------------------------------------------
[debug] [2020-04-18T12:01:17.971Z] Command:       /home/varsha/.nvm/versions/node/v10.11.0/bin/node /home/varsha/.nvm/versions/node/v10.11.0/bin/firebase init
[debug] [2020-04-18T12:01:17.971Z] CLI Version:   7.13.1
[debug] [2020-04-18T12:01:17.971Z] Platform:      linux
[debug] [2020-04-18T12:01:17.972Z] Node Version:  v10.11.0
[debug] [2020-04-18T12:01:17.972Z] Time:          Sat Apr 18 2020 17:31:17 GMT+0530 (India Standard Time)
[debug] [2020-04-18T12:01:17.973Z] ----------------------------------------------------------------------
[debug] [2020-04-18T12:01:17.973Z] 
[debug] [2020-04-18T12:01:18.046Z] > command requires scopes: ["email","openid","https://www.googleapis.com/auth/cloudplatformprojects.readonly","https://www.googleapis.com/auth/firebase","https://www.googleapis.com/auth/cloud-platform"]
[debug] [2020-04-18T12:01:18.046Z] > authorizing via signed-in user
[info] 
     ######## #### ########  ######## ########     ###     ######  ########
     ##        ##  ##     ## ##       ##     ##  ##   ##  ##       ##
     ######    ##  ########  ######   ########  #########  ######  ######
     ##        ##  ##    ##  ##       ##     ## ##     ##       ## ##
     ##       #### ##     ## ######## ########  ##     ##  ######  ########

You're about to initialize a Firebase project in this directory:

  /home/varsha/Downloads/Projects/Varsha-Portfolio

Before we get started, keep in mind:

  * You are initializing in an existing Firebase project directory

